Unity Editor version:    2021.3.0f1 (6eacc8284459)
Branch:                  2021.3/staging
Build type:              Release
Batch mode:              YES
macOS version:           Version 13.2.1 (Build 22D68)
Darwin version:          22.3.0
Architecture:            arm64
Running under Rosetta:   NO
Available memory:        16384 MB
Using pre-set license
Pro License: YES

COMMAND LINE ARGUMENTS:
/Applications/Unity/Hub/Editor/2021.3.0f1/Unity.app/Contents/MacOS/Unity
-adb2
-batchMode
-noUpm
-name
AssetImportWorker1
-projectPath
/Users/gayoung/Desktop/1/assignment/assignment
-logFile
Logs/AssetImportWorker1.log
-srvPort
50380
Successfully changed project path to: /Users/gayoung/Desktop/1/assignment/assignment
/Users/gayoung/Desktop/1/assignment/assignment
[UnityMemory] Configuration Parameters - Can be set up in boot.config
    "memorysetup-bucket-allocator-granularity=16"
    "memorysetup-bucket-allocator-bucket-count=8"
    "memorysetup-bucket-allocator-block-size=33554432"
    "memorysetup-bucket-allocator-block-count=8"
    "memorysetup-main-allocator-block-size=16777216"
    "memorysetup-thread-allocator-block-size=16777216"
    "memorysetup-gfx-main-allocator-block-size=16777216"
    "memorysetup-gfx-thread-allocator-block-size=16777216"
    "memorysetup-cache-allocator-block-size=4194304"
    "memorysetup-typetree-allocator-block-size=2097152"
    "memorysetup-profiler-bucket-allocator-granularity=16"
    "memorysetup-profiler-bucket-allocator-bucket-count=8"
    "memorysetup-profiler-bucket-allocator-block-size=33554432"
    "memorysetup-profiler-bucket-allocator-block-count=8"
    "memorysetup-profiler-allocator-block-size=16777216"
    "memorysetup-profiler-editor-allocator-block-size=1048576"
    "memorysetup-temp-allocator-size-main=16777216"
    "memorysetup-job-temp-allocator-block-size=2097152"
    "memorysetup-job-temp-allocator-block-size-background=1048576"
    "memorysetup-job-temp-allocator-reduction-small-platforms=262144"
    "memorysetup-temp-allocator-size-background-worker=32768"
    "memorysetup-temp-allocator-size-job-worker=262144"
    "memorysetup-temp-allocator-size-preload-manager=33554432"
    "memorysetup-temp-allocator-size-nav-mesh-worker=65536"
    "memorysetup-temp-allocator-size-audio-worker=65536"
    "memorysetup-temp-allocator-size-cloud-worker=32768"
    "memorysetup-temp-allocator-size-gi-baking-worker=262144"
    "memorysetup-temp-allocator-size-gfx=262144"
Refreshing native plugins compatible for Editor in 145.05 ms, found 3 plugins.
Preloading 0 native plugins for Editor in 0.00 ms.
Initialize engine version: 2021.3.0f1 (6eacc8284459)
[Subsystems] Discovering subsystems at path /Applications/Unity/Hub/Editor/2021.3.0f1/Unity.app/Contents/Resources/UnitySubsystems
[Subsystems] Discovering subsystems at path /Users/gayoung/Desktop/1/assignment/assignment/Assets
GfxDevice: creating device client; threaded=0; jobified=0
 preferred device: Apple M2 (high power)
Metal devices available: 1
0: Apple M2 (high power)
Using device Apple M2 (high power)
Initializing Metal device caps: Apple M2
Initialize mono
Mono path[0] = '/Applications/Unity/Hub/Editor/2021.3.0f1/Unity.app/Contents/Managed'
Mono path[1] = '/Applications/Unity/Hub/Editor/2021.3.0f1/Unity.app/Contents/MonoBleedingEdge/lib/mono/unityjit-macos'
Mono config path = '/Applications/Unity/Hub/Editor/2021.3.0f1/Unity.app/Contents/MonoBleedingEdge/etc'
Using monoOptions --debugger-agent=transport=dt_socket,embedding=1,server=y,suspend=n,address=127.0.0.1:56231
Begin MonoManager ReloadAssembly
Registering precompiled unity dll's ...
Register platform support module: /Applications/Unity/Hub/Editor/2021.3.0f1/Unity.app/Contents/PlaybackEngines/MacStandaloneSupport/UnityEditor.OSXStandalone.Extensions.dll
Registered in 0.000839 seconds.
Native extension for OSXStandalone target not found
Refreshing native plugins compatible for Editor in 169.00 ms, found 3 plugins.
Preloading 0 native plugins for Editor in 0.00 ms.
Mono: successfully reloaded assembly
- Completed reload, in  0.750 seconds
Domain Reload Profiling:
	ReloadAssembly (751ms)
		BeginReloadAssembly (49ms)
			ExecutionOrderSort (0ms)
			DisableScriptedObjects (0ms)
			BackupInstance (0ms)
			ReleaseScriptingObjects (0ms)
			CreateAndSetChildDomain (1ms)
		EndReloadAssembly (575ms)
			LoadAssemblies (48ms)
			RebuildTransferFunctionScriptingTraits (0ms)
			SetupTypeCache (118ms)
			ReleaseScriptCaches (0ms)
			RebuildScriptCaches (33ms)
			SetupLoadedEditorAssemblies (374ms)
				LogAssemblyErrors (0ms)
				InitializePlatformSupportModulesInManaged (6ms)
				SetLoadedEditorAssemblies (0ms)
				RefreshPlugins (169ms)
				BeforeProcessingInitializeOnLoad (2ms)
				ProcessInitializeOnLoadAttributes (152ms)
				ProcessInitializeOnLoadMethodAttributes (45ms)
				AfterProcessingInitializeOnLoad (0ms)
				EditorAssembliesLoaded (0ms)
			ExecutionOrderSort2 (0ms)
			AwakeInstancesAfterBackupRestoration (0ms)
Platform modules already initialized, skipping
Registering precompiled user dll's ...
Registered in 0.002687 seconds.
Begin MonoManager ReloadAssembly
Symbol file LoadedFromMemory doesn't match image /Users/gayoung/Desktop/1/assignment/assignment/Library/PackageCache/com.unity.visualscripting@1.7.6/Editor/VisualScripting.Core/Dependencies/YamlDotNet/Unity.VisualScripting.YamlDotNet.dll
Symbol file LoadedFromMemory is not a mono symbol file
Symbol file LoadedFromMemory doesn't match image /Users/gayoung/Desktop/1/assignment/assignment/Library/PackageCache/com.unity.visualscripting@1.7.6/Editor/VisualScripting.Core/Dependencies/DotNetZip/Unity.VisualScripting.IonicZip.dll
Native extension for OSXStandalone target not found
Refreshing native plugins compatible for Editor in 0.84 ms, found 3 plugins.
Preloading 0 native plugins for Editor in 0.00 ms.
Mono: successfully reloaded assembly
- Completed reload, in  1.125 seconds
Domain Reload Profiling:
	ReloadAssembly (1126ms)
		BeginReloadAssembly (104ms)
			ExecutionOrderSort (0ms)
			DisableScriptedObjects (5ms)
			BackupInstance (0ms)
			ReleaseScriptingObjects (0ms)
			CreateAndSetChildDomain (30ms)
		EndReloadAssembly (889ms)
			LoadAssemblies (59ms)
			RebuildTransferFunctionScriptingTraits (0ms)
			SetupTypeCache (308ms)
			ReleaseScriptCaches (1ms)
			RebuildScriptCaches (72ms)
			SetupLoadedEditorAssemblies (405ms)
				LogAssemblyErrors (0ms)
				InitializePlatformSupportModulesInManaged (4ms)
				SetLoadedEditorAssemblies (0ms)
				RefreshPlugins (1ms)
				BeforeProcessingInitializeOnLoad (117ms)
				ProcessInitializeOnLoadAttributes (262ms)
				ProcessInitializeOnLoadMethodAttributes (20ms)
				AfterProcessingInitializeOnLoad (1ms)
				EditorAssembliesLoaded (0ms)
			ExecutionOrderSort2 (0ms)
			AwakeInstancesAfterBackupRestoration (3ms)
Platform modules already initialized, skipping
========================================================================
Worker process is ready to serve import requests
Launching external process: /Applications/Unity/Hub/Editor/2021.3.0f1/Unity.app/Contents/Tools/UnityShaderCompiler
Launched and connected shader compiler UnityShaderCompiler after 0.09 seconds
Refreshing native plugins compatible for Editor in 0.82 ms, found 3 plugins.
Preloading 0 native plugins for Editor in 0.00 ms.
Unloading 4025 Unused Serialized files (Serialized files now loaded: 0)
Unloading 42 unused Assets / (1.6 MB). Loaded Objects now: 4487.
Memory consumption went from 138.8 MB to 137.2 MB.
Total: 4.531042 ms (FindLiveObjects: 0.230042 ms CreateObjectMapping: 0.113416 ms MarkObjects: 3.776250 ms  DeleteObjects: 0.410958 ms)

AssetImportParameters requested are different than current active one (requested -> active):
  custom:video-decoder-ogg-theora: a1e56fd34408186e4bbccfd4996cb3dc -> 
  custom:container-muxer-webm: aa71ff27fc2769a1b78a27578f13a17b -> 
  custom:container-demuxer-webm: 4f35f7cbe854078d1ac9338744f61a02 -> 
  custom:video-encoder-webm-vp8: eb34c28f22e8b96e1ab97ce403110664 -> 
  custom:framework-osx-AVFoundation: e770b220cccbd017edd2c1fefb359320 -> 
  custom:audio-encoder-webm-vorbis: bf7c407c2cedff20999df2af8eb42d56 -> 
  custom:container-demuxer-ogg: 62fdf1f143b41e24485cea50d1cbac27 -> 
  custom:video-decoder-webm-vp8: 9c59270c3fd7afecdb556c50c9e8de78 -> 
  custom:audio-decoder-ogg-vorbis: bf7c407c2cedff20999df2af8eb42d56 -> 
========================================================================
Received Import Request.
  Time since last request: 587421.115244 seconds.
  path: Assets/EX/Supercyan/Textures/Retail Shop Workers/1 Fleece/1_a_fleece_texture_face.png
  artifactKey: Guid(25f5edaa7add65841a2b1dd878651a2d) Importer(815301076,1909f56bfc062723c751e8b465ee728b)
Start importing Assets/EX/Supercyan/Textures/Retail Shop Workers/1 Fleece/1_a_fleece_texture_face.png using Guid(25f5edaa7add65841a2b1dd878651a2d) Importer(815301076,1909f56bfc062723c751e8b465ee728b)  -> (artifact id: 'd45245b430e8e85e5df71016cfeb3d4a') in 0.108591 seconds 
========================================================================
Received Import Request.
  Time since last request: 0.000055 seconds.
  path: Assets/EX/Supercyan/Textures/Retail Shop Workers/1 Apron/1_b_Apron_texture_face.png
  artifactKey: Guid(0fd55d48537916742ac4f8d7faf94436) Importer(815301076,1909f56bfc062723c751e8b465ee728b)
Start importing Assets/EX/Supercyan/Textures/Retail Shop Workers/1 Apron/1_b_Apron_texture_face.png using Guid(0fd55d48537916742ac4f8d7faf94436) Importer(815301076,1909f56bfc062723c751e8b465ee728b)  -> (artifact id: 'e496ce69c45e5be5f50faacacd27373d') in 0.008004 seconds 
========================================================================
Received Import Request.
  Time since last request: 0.000040 seconds.
  path: Assets/EX/Supercyan/Textures/Retail Shop Workers/1 Cashier/1_a_cashier_texture_face.psd
  artifactKey: Guid(e6922743bc68de54191624bd0727f299) Importer(815301076,1909f56bfc062723c751e8b465ee728b)
Start importing Assets/EX/Supercyan/Textures/Retail Shop Workers/1 Cashier/1_a_cashier_texture_face.psd using Guid(e6922743bc68de54191624bd0727f299) Importer(815301076,1909f56bfc062723c751e8b465ee728b)  -> (artifact id: 'e060514a767fe43f9484eb0ac3f915d6') in 0.052236 seconds 
========================================================================
Received Import Request.
  Time since last request: 0.000064 seconds.
  path: Assets/EX/Supercyan/Textures/Retail Shop Workers/1 Apron/1_a_Apron_texture_face.psd
  artifactKey: Guid(b9e5531cbb55e8249b16fdad1d9dce70) Importer(815301076,1909f56bfc062723c751e8b465ee728b)
Start importing Assets/EX/Supercyan/Textures/Retail Shop Workers/1 Apron/1_a_Apron_texture_face.psd using Guid(b9e5531cbb55e8249b16fdad1d9dce70) Importer(815301076,1909f56bfc062723c751e8b465ee728b)  -> (artifact id: 'cb5a091305aa83810311e47e43e0fbc1') in 0.007607 seconds 
========================================================================
Received Import Request.
  Time since last request: 0.000044 seconds.
  path: Assets/EX/Supercyan/Textures/Retail Shop Workers/2 Apron/1_a_cashier_texture_body.psd
  artifactKey: Guid(1625461b1ac83ac41b06cb495915e802) Importer(815301076,1909f56bfc062723c751e8b465ee728b)
Start importing Assets/EX/Supercyan/Textures/Retail Shop Workers/2 Apron/1_a_cashier_texture_body.psd using Guid(1625461b1ac83ac41b06cb495915e802) Importer(815301076,1909f56bfc062723c751e8b465ee728b)  -> (artifact id: 'e2492b459c72d42f1cbdd2121e02aba7') in 0.006413 seconds 
========================================================================
Received Import Request.
  Time since last request: 0.000043 seconds.
  path: Assets/EX/Supercyan/Textures/Retail Shop Workers/1 Cashier/1_a_cashier_texture_body.png
  artifactKey: Guid(8330affbfdcfff142a747c8c03a75f4d) Importer(815301076,1909f56bfc062723c751e8b465ee728b)
Start importing Assets/EX/Supercyan/Textures/Retail Shop Workers/1 Cashier/1_a_cashier_texture_body.png using Guid(8330affbfdcfff142a747c8c03a75f4d) Importer(815301076,1909f56bfc062723c751e8b465ee728b)  -> (artifact id: 'f1d93461ae8f86f014da3b1587899c74') in 0.006541 seconds 
========================================================================
Received Import Request.
  Time since last request: 0.000040 seconds.
  path: Assets/EX/Supercyan/Textures/Retail Shop Workers/1 Apron/1_b_Apron_texture_body.png
  artifactKey: Guid(a0c5201e87546524ca8271e7f84a4424) Importer(815301076,1909f56bfc062723c751e8b465ee728b)
Start importing Assets/EX/Supercyan/Textures/Retail Shop Workers/1 Apron/1_b_Apron_texture_body.png using Guid(a0c5201e87546524ca8271e7f84a4424) Importer(815301076,1909f56bfc062723c751e8b465ee728b)  -> (artifact id: '6512466467cd234301d67a2c93b612f8') in 0.006942 seconds 
========================================================================
Received Import Request.
  Time since last request: 839.715276 seconds.
  path: Assets/Materials/New Material 7.mat
  artifactKey: Guid(c70f4fe5bcd284befbfd728f9bfbc1e4) Importer(815301076,1909f56bfc062723c751e8b465ee728b)
Start importing Assets/Materials/New Material 7.mat using Guid(c70f4fe5bcd284befbfd728f9bfbc1e4) Importer(815301076,1909f56bfc062723c751e8b465ee728b)  -> (artifact id: 'bc3f6edf67edb34258c4518291b237e7') in 0.091487 seconds 
