Unity Editor version:    2021.3.0f1 (6eacc8284459)
Branch:                  2021.3/staging
Build type:              Release
Batch mode:              YES
macOS version:           Version 13.2.1 (Build 22D68)
Darwin version:          22.3.0
Architecture:            arm64
Running under Rosetta:   NO
Available memory:        16384 MB
Using pre-set license
Pro License: YES

COMMAND LINE ARGUMENTS:
/Applications/Unity/Hub/Editor/2021.3.0f1/Unity.app/Contents/MacOS/Unity
-adb2
-batchMode
-noUpm
-name
AssetImportWorker0
-projectPath
/Users/gayoung/Desktop/1/assignment/assignment
-logFile
Logs/AssetImportWorker0.log
-srvPort
50380
Successfully changed project path to: /Users/gayoung/Desktop/1/assignment/assignment
/Users/gayoung/Desktop/1/assignment/assignment
[UnityMemory] Configuration Parameters - Can be set up in boot.config
    "memorysetup-bucket-allocator-granularity=16"
    "memorysetup-bucket-allocator-bucket-count=8"
    "memorysetup-bucket-allocator-block-size=33554432"
    "memorysetup-bucket-allocator-block-count=8"
    "memorysetup-main-allocator-block-size=16777216"
    "memorysetup-thread-allocator-block-size=16777216"
    "memorysetup-gfx-main-allocator-block-size=16777216"
    "memorysetup-gfx-thread-allocator-block-size=16777216"
    "memorysetup-cache-allocator-block-size=4194304"
    "memorysetup-typetree-allocator-block-size=2097152"
    "memorysetup-profiler-bucket-allocator-granularity=16"
    "memorysetup-profiler-bucket-allocator-bucket-count=8"
    "memorysetup-profiler-bucket-allocator-block-size=33554432"
    "memorysetup-profiler-bucket-allocator-block-count=8"
    "memorysetup-profiler-allocator-block-size=16777216"
    "memorysetup-profiler-editor-allocator-block-size=1048576"
    "memorysetup-temp-allocator-size-main=16777216"
    "memorysetup-job-temp-allocator-block-size=2097152"
    "memorysetup-job-temp-allocator-block-size-background=1048576"
    "memorysetup-job-temp-allocator-reduction-small-platforms=262144"
    "memorysetup-temp-allocator-size-background-worker=32768"
    "memorysetup-temp-allocator-size-job-worker=262144"
    "memorysetup-temp-allocator-size-preload-manager=33554432"
    "memorysetup-temp-allocator-size-nav-mesh-worker=65536"
    "memorysetup-temp-allocator-size-audio-worker=65536"
    "memorysetup-temp-allocator-size-cloud-worker=32768"
    "memorysetup-temp-allocator-size-gi-baking-worker=262144"
    "memorysetup-temp-allocator-size-gfx=262144"
Refreshing native plugins compatible for Editor in 141.28 ms, found 3 plugins.
Preloading 0 native plugins for Editor in 0.00 ms.
Initialize engine version: 2021.3.0f1 (6eacc8284459)
[Subsystems] Discovering subsystems at path /Applications/Unity/Hub/Editor/2021.3.0f1/Unity.app/Contents/Resources/UnitySubsystems
[Subsystems] Discovering subsystems at path /Users/gayoung/Desktop/1/assignment/assignment/Assets
GfxDevice: creating device client; threaded=0; jobified=0
 preferred device: Apple M2 (high power)
Metal devices available: 1
0: Apple M2 (high power)
Using device Apple M2 (high power)
Initializing Metal device caps: Apple M2
Initialize mono
Mono path[0] = '/Applications/Unity/Hub/Editor/2021.3.0f1/Unity.app/Contents/Managed'
Mono path[1] = '/Applications/Unity/Hub/Editor/2021.3.0f1/Unity.app/Contents/MonoBleedingEdge/lib/mono/unityjit-macos'
Mono config path = '/Applications/Unity/Hub/Editor/2021.3.0f1/Unity.app/Contents/MonoBleedingEdge/etc'
Using monoOptions --debugger-agent=transport=dt_socket,embedding=1,server=y,suspend=n,address=127.0.0.1:56229
Begin MonoManager ReloadAssembly
Registering precompiled unity dll's ...
Register platform support module: /Applications/Unity/Hub/Editor/2021.3.0f1/Unity.app/Contents/PlaybackEngines/MacStandaloneSupport/UnityEditor.OSXStandalone.Extensions.dll
Registered in 0.000936 seconds.
Native extension for OSXStandalone target not found
Refreshing native plugins compatible for Editor in 169.53 ms, found 3 plugins.
Preloading 0 native plugins for Editor in 0.00 ms.
Mono: successfully reloaded assembly
- Completed reload, in  0.751 seconds
Domain Reload Profiling:
	ReloadAssembly (751ms)
		BeginReloadAssembly (49ms)
			ExecutionOrderSort (0ms)
			DisableScriptedObjects (0ms)
			BackupInstance (0ms)
			ReleaseScriptingObjects (0ms)
			CreateAndSetChildDomain (1ms)
		EndReloadAssembly (575ms)
			LoadAssemblies (48ms)
			RebuildTransferFunctionScriptingTraits (0ms)
			SetupTypeCache (119ms)
			ReleaseScriptCaches (0ms)
			RebuildScriptCaches (33ms)
			SetupLoadedEditorAssemblies (375ms)
				LogAssemblyErrors (0ms)
				InitializePlatformSupportModulesInManaged (6ms)
				SetLoadedEditorAssemblies (0ms)
				RefreshPlugins (170ms)
				BeforeProcessingInitializeOnLoad (2ms)
				ProcessInitializeOnLoadAttributes (152ms)
				ProcessInitializeOnLoadMethodAttributes (45ms)
				AfterProcessingInitializeOnLoad (0ms)
				EditorAssembliesLoaded (0ms)
			ExecutionOrderSort2 (0ms)
			AwakeInstancesAfterBackupRestoration (0ms)
Platform modules already initialized, skipping
Registering precompiled user dll's ...
Registered in 0.002557 seconds.
Begin MonoManager ReloadAssembly
Symbol file LoadedFromMemory doesn't match image /Users/gayoung/Desktop/1/assignment/assignment/Library/PackageCache/com.unity.visualscripting@1.7.6/Editor/VisualScripting.Core/Dependencies/YamlDotNet/Unity.VisualScripting.YamlDotNet.dll
Symbol file LoadedFromMemory is not a mono symbol file
Symbol file LoadedFromMemory doesn't match image /Users/gayoung/Desktop/1/assignment/assignment/Library/PackageCache/com.unity.visualscripting@1.7.6/Editor/VisualScripting.Core/Dependencies/DotNetZip/Unity.VisualScripting.IonicZip.dll
Native extension for OSXStandalone target not found
Refreshing native plugins compatible for Editor in 0.91 ms, found 3 plugins.
Preloading 0 native plugins for Editor in 0.00 ms.
Mono: successfully reloaded assembly
- Completed reload, in  1.135 seconds
Domain Reload Profiling:
	ReloadAssembly (1135ms)
		BeginReloadAssembly (105ms)
			ExecutionOrderSort (0ms)
			DisableScriptedObjects (5ms)
			BackupInstance (0ms)
			ReleaseScriptingObjects (0ms)
			CreateAndSetChildDomain (29ms)
		EndReloadAssembly (899ms)
			LoadAssemblies (61ms)
			RebuildTransferFunctionScriptingTraits (0ms)
			SetupTypeCache (312ms)
			ReleaseScriptCaches (0ms)
			RebuildScriptCaches (71ms)
			SetupLoadedEditorAssemblies (413ms)
				LogAssemblyErrors (0ms)
				InitializePlatformSupportModulesInManaged (4ms)
				SetLoadedEditorAssemblies (0ms)
				RefreshPlugins (1ms)
				BeforeProcessingInitializeOnLoad (119ms)
				ProcessInitializeOnLoadAttributes (267ms)
				ProcessInitializeOnLoadMethodAttributes (20ms)
				AfterProcessingInitializeOnLoad (1ms)
				EditorAssembliesLoaded (0ms)
			ExecutionOrderSort2 (0ms)
			AwakeInstancesAfterBackupRestoration (3ms)
Platform modules already initialized, skipping
========================================================================
Worker process is ready to serve import requests
Launching external process: /Applications/Unity/Hub/Editor/2021.3.0f1/Unity.app/Contents/Tools/UnityShaderCompiler
Launched and connected shader compiler UnityShaderCompiler after 0.09 seconds
Refreshing native plugins compatible for Editor in 0.82 ms, found 3 plugins.
Preloading 0 native plugins for Editor in 0.00 ms.
Unloading 4025 Unused Serialized files (Serialized files now loaded: 0)
Unloading 42 unused Assets / (1.6 MB). Loaded Objects now: 4487.
Memory consumption went from 138.8 MB to 137.2 MB.
Total: 4.464084 ms (FindLiveObjects: 0.216375 ms CreateObjectMapping: 0.111417 ms MarkObjects: 3.706541 ms  DeleteObjects: 0.429292 ms)

AssetImportParameters requested are different than current active one (requested -> active):
  custom:video-decoder-ogg-theora: a1e56fd34408186e4bbccfd4996cb3dc -> 
  custom:container-muxer-webm: aa71ff27fc2769a1b78a27578f13a17b -> 
  custom:container-demuxer-webm: 4f35f7cbe854078d1ac9338744f61a02 -> 
  custom:video-encoder-webm-vp8: eb34c28f22e8b96e1ab97ce403110664 -> 
  custom:framework-osx-AVFoundation: e770b220cccbd017edd2c1fefb359320 -> 
  custom:audio-encoder-webm-vorbis: bf7c407c2cedff20999df2af8eb42d56 -> 
  custom:container-demuxer-ogg: 62fdf1f143b41e24485cea50d1cbac27 -> 
  custom:video-decoder-webm-vp8: 9c59270c3fd7afecdb556c50c9e8de78 -> 
  custom:audio-decoder-ogg-vorbis: bf7c407c2cedff20999df2af8eb42d56 -> 
========================================================================
Received Import Request.
  Time since last request: 587421.114802 seconds.
  path: Assets/EX/Supercyan/Textures/Retail Shop Workers/1 Cashier/1_a_cashier_texture_face.png
  artifactKey: Guid(9bd83b14e292b7e41869b88401a4ca01) Importer(815301076,1909f56bfc062723c751e8b465ee728b)
Start importing Assets/EX/Supercyan/Textures/Retail Shop Workers/1 Cashier/1_a_cashier_texture_face.png using Guid(9bd83b14e292b7e41869b88401a4ca01) Importer(815301076,1909f56bfc062723c751e8b465ee728b)  -> (artifact id: 'c5649963492f3750803a131d9fa9a185') in 0.108978 seconds 
========================================================================
Received Import Request.
  Time since last request: 0.000043 seconds.
  path: Assets/EX/Supercyan/Textures/Retail Shop Workers/1 Apron/1_a_Apron_texture_body.psd
  artifactKey: Guid(2f278e4089e8714479e72c781edc3c29) Importer(815301076,1909f56bfc062723c751e8b465ee728b)
Start importing Assets/EX/Supercyan/Textures/Retail Shop Workers/1 Apron/1_a_Apron_texture_body.psd using Guid(2f278e4089e8714479e72c781edc3c29) Importer(815301076,1909f56bfc062723c751e8b465ee728b)  -> (artifact id: 'e79134705e832f82e388af716f5d2375') in 0.068104 seconds 
========================================================================
Received Import Request.
  Time since last request: 0.000049 seconds.
  path: Assets/EX/Supercyan/Textures/Retail Shop Workers/1 Apron/1_b_Apron_texture_face.psd
  artifactKey: Guid(1284c7d7de4dd82499d8d5a02a2e1166) Importer(815301076,1909f56bfc062723c751e8b465ee728b)
Start importing Assets/EX/Supercyan/Textures/Retail Shop Workers/1 Apron/1_b_Apron_texture_face.psd using Guid(1284c7d7de4dd82499d8d5a02a2e1166) Importer(815301076,1909f56bfc062723c751e8b465ee728b)  -> (artifact id: 'f76f54e1492dc228076b54f646197e41') in 0.007286 seconds 
========================================================================
Received Import Request.
  Time since last request: 0.000042 seconds.
  path: Assets/EX/Supercyan/Textures/Retail Shop Workers/1 Apron/1_a_Apron_texture_face.png
  artifactKey: Guid(0b31f6653597b63499c4adb4e7414d72) Importer(815301076,1909f56bfc062723c751e8b465ee728b)
Start importing Assets/EX/Supercyan/Textures/Retail Shop Workers/1 Apron/1_a_Apron_texture_face.png using Guid(0b31f6653597b63499c4adb4e7414d72) Importer(815301076,1909f56bfc062723c751e8b465ee728b)  -> (artifact id: '506d68d77bf741678231a018cddb4aef') in 0.006853 seconds 
========================================================================
Received Import Request.
  Time since last request: 0.000043 seconds.
  path: Assets/EX/Supercyan/Textures/Retail Shop Workers/1 Apron/1_b_Apron_texture_body.psd
  artifactKey: Guid(aaf828b2e24f62e40bf63fb6ddb5e7a1) Importer(815301076,1909f56bfc062723c751e8b465ee728b)
Start importing Assets/EX/Supercyan/Textures/Retail Shop Workers/1 Apron/1_b_Apron_texture_body.psd using Guid(aaf828b2e24f62e40bf63fb6ddb5e7a1) Importer(815301076,1909f56bfc062723c751e8b465ee728b)  -> (artifact id: 'fb1b9bff3a306baea49f483bef863d19') in 0.006215 seconds 
========================================================================
Received Import Request.
  Time since last request: 0.000041 seconds.
  path: Assets/EX/Supercyan/Textures/Retail Shop Workers/1 Fleece/1_a_fleece_texture_face.psd
  artifactKey: Guid(5f4d0578d48fda445a0bbdef29437986) Importer(815301076,1909f56bfc062723c751e8b465ee728b)
Start importing Assets/EX/Supercyan/Textures/Retail Shop Workers/1 Fleece/1_a_fleece_texture_face.psd using Guid(5f4d0578d48fda445a0bbdef29437986) Importer(815301076,1909f56bfc062723c751e8b465ee728b)  -> (artifact id: '2f01fbccad8b6b7e6dd6f95edccde763') in 0.006815 seconds 
========================================================================
Received Import Request.
  Time since last request: 30.513333 seconds.
  path: Assets/Scenes/선우씬.unity
  artifactKey: Guid(f98213e6e056b4eb1b1072bbe2cce940) Importer(815301076,1909f56bfc062723c751e8b465ee728b)
Start importing Assets/Scenes/선우씬.unity using Guid(f98213e6e056b4eb1b1072bbe2cce940) Importer(815301076,1909f56bfc062723c751e8b465ee728b)  -> (artifact id: 'c86269c4827a68653f147d46697c9c17') in 0.001546 seconds 
========================================================================
Received Import Request.
  Time since last request: 485.370216 seconds.
  path: Assets/bExport/WalkingEnemyAnimator.controller
  artifactKey: Guid(3e923bddb0ce6274fa893b6c86e5094a) Importer(815301076,1909f56bfc062723c751e8b465ee728b)
Start importing Assets/bExport/WalkingEnemyAnimator.controller using Guid(3e923bddb0ce6274fa893b6c86e5094a) Importer(815301076,1909f56bfc062723c751e8b465ee728b)  -> (artifact id: '3d9866848a883ad384d7f9a7cb295920') in 0.051847 seconds 
========================================================================
Received Import Request.
  Time since last request: 84.315918 seconds.
  path: Assets/Scenes/Opening.unity
  artifactKey: Guid(76d382afa93034e0dbab6c3c0a72acde) Importer(815301076,1909f56bfc062723c751e8b465ee728b)
Start importing Assets/Scenes/Opening.unity using Guid(76d382afa93034e0dbab6c3c0a72acde) Importer(815301076,1909f56bfc062723c751e8b465ee728b)  -> (artifact id: '6ed765887557bef845bc79bda02eb1ab') in 0.000710 seconds 
========================================================================
Received Import Request.
  Time since last request: 79.611318 seconds.
  path: Assets/Materials/New Material 6.mat
  artifactKey: Guid(205494b0b3a0148f1a9decd8d4ae6cec) Importer(815301076,1909f56bfc062723c751e8b465ee728b)
Start importing Assets/Materials/New Material 6.mat using Guid(205494b0b3a0148f1a9decd8d4ae6cec) Importer(815301076,1909f56bfc062723c751e8b465ee728b)  -> (artifact id: 'de9a2157f4606005b94e38eb6f1d93c0') in 0.086209 seconds 
========================================================================
Received Import Request.
  Time since last request: 32.258945 seconds.
  path: Assets/Materials/New Material 7.mat
  artifactKey: Guid(c70f4fe5bcd284befbfd728f9bfbc1e4) Importer(815301076,1909f56bfc062723c751e8b465ee728b)
Start importing Assets/Materials/New Material 7.mat using Guid(c70f4fe5bcd284befbfd728f9bfbc1e4) Importer(815301076,1909f56bfc062723c751e8b465ee728b)  -> (artifact id: '02c512cce4efab2160c85a97235cec26') in 0.006832 seconds 
========================================================================
Received Import Request.
  Time since last request: 127.466657 seconds.
  path: Assets/Materials/New Material 6.mat
  artifactKey: Guid(205494b0b3a0148f1a9decd8d4ae6cec) Importer(815301076,1909f56bfc062723c751e8b465ee728b)
Start importing Assets/Materials/New Material 6.mat using Guid(205494b0b3a0148f1a9decd8d4ae6cec) Importer(815301076,1909f56bfc062723c751e8b465ee728b)  -> (artifact id: 'a927144083927ffb9c66c9bdbc5044fc') in 0.008072 seconds 
